<?xml version="1.0" encoding="UTF-8"?>
<!-- Generated by org.testng.reporters.JUnitReportReporter -->
<testsuite hostname="ASHWIN_RAMTEKE" failures="0" tests="3" name="TestNg.NG.Depend" time="0.010" errors="0" timestamp="2024-02-26T14:43:46 IST" skipped="0">
  <testcase classname="TestNg.NG.Depend" name="testcase1" time="0.007"/>
  <testcase classname="TestNg.NG.Depend" name="testcase2" time="0.001"/>
  <testcase classname="TestNg.NG.Depend" name="testcase3" time="0.002"/>
</testsuite> <!-- TestNg.NG.Depend -->
