<?xml version="1.0" encoding="UTF-8"?>
<!-- Generated by org.testng.reporters.JUnitReportReporter -->
<testsuite hostname="ASHWIN_RAMTEKE" failures="0" tests="6" name="TestNg.NG.group" time="0.026" errors="0" timestamp="2024-02-27T11:27:53 IST" skipped="0">
  <testcase classname="TestNg.NG.group" name="T1" time="0.011"/>
  <testcase classname="TestNg.NG.group" name="T5" time="0.004"/>
  <testcase classname="TestNg.NG.group" name="T6" time="0.003"/>
  <testcase classname="TestNg.NG.group" name="T4" time="0.005"/>
  <testcase classname="TestNg.NG.group" name="T3" time="0.002"/>
  <testcase classname="TestNg.NG.group" name="T2" time="0.001"/>
</testsuite> <!-- TestNg.NG.group -->
