<?xml version="1.0" encoding="UTF-8"?>
<!-- Generated by org.testng.reporters.JUnitReportReporter -->
<testsuite hostname="ASHWIN_RAMTEKE" failures="0" tests="1" name="TestNg.NG.New_Test" time="0.012" errors="0" timestamp="2024-02-26T14:24:12 IST" skipped="0">
  <testcase classname="TestNg.NG.New_Test" name="testcase1tesnf" time="0.012"/>
</testsuite> <!-- TestNg.NG.New_Test -->
