<?xml version="1.0" encoding="UTF-8"?>
<!-- Generated by org.testng.reporters.JUnitReportReporter -->
<testsuite hostname="ASHWIN_RAMTEKE" failures="0" tests="3" name="TestNg.NG.Enable" time="0.019" errors="0" timestamp="2024-02-27T11:27:21 IST" skipped="1">
  <testcase classname="TestNg.NG.Enable" name="testcase1" time="0.014"/>
  <testcase classname="TestNg.NG.Enable" name="testcase3" time="0.005"/>
  <testcase classname="TestNg.NG.Enable" name="testcase2">
    <skipped/>
  </testcase> <!-- testcase2 -->
</testsuite> <!-- TestNg.NG.Enable -->
