<?xml version="1.0" encoding="UTF-8"?>
<!-- Generated by org.testng.reporters.JUnitReportReporter -->
<testsuite hostname="ASHWIN_RAMTEKE" failures="0" tests="1" name="TestNg.NG.ListenerTestClass" time="3.074" errors="0" timestamp="2024-02-27T11:29:23 IST" skipped="0">
  <testcase classname="TestNg.NG.ListenerTestClass" name="invokechrome" time="3.074"/>
</testsuite> <!-- TestNg.NG.ListenerTestClass -->
