<?xml version="1.0" encoding="UTF-8"?>
<!-- Generated by org.testng.reporters.JUnitReportReporter -->
<testsuite hostname="ASHWIN_RAMTEKE" failures="0" tests="3" name="TestNg.NG.Enable" time="0.013" errors="0" timestamp="2024-02-28T15:31:27 IST" skipped="1">
  <testcase classname="TestNg.NG.Enable" name="testcase1" time="0.013"/>
  <testcase classname="TestNg.NG.Enable" name="testcase3" time="0.000"/>
  <testcase classname="TestNg.NG.Enable" name="testcase2">
    <skipped/>
  </testcase> <!-- testcase2 -->
</testsuite> <!-- TestNg.NG.Enable -->
