<?xml version="1.0" encoding="UTF-8"?>
<!-- Generated by org.testng.reporters.JUnitReportReporter -->
<testsuite hostname="ASHWIN_RAMTEKE" failures="0" tests="6" name="TestNg.NG.group" time="0.003" errors="0" timestamp="2024-02-28T15:37:31 IST" skipped="0">
  <testcase classname="TestNg.NG.group" name="T1" time="0.000"/>
  <system-out/>
  <testcase classname="TestNg.NG.group" name="T5" time="0.001"/>
  <system-out/>
  <testcase classname="TestNg.NG.group" name="T6" time="0.000"/>
  <system-out/>
  <testcase classname="TestNg.NG.group" name="T4" time="0.000"/>
  <system-out/>
  <testcase classname="TestNg.NG.group" name="T3" time="0.001"/>
  <system-out/>
  <testcase classname="TestNg.NG.group" name="T2" time="0.001"/>
  <system-out/>
</testsuite> <!-- TestNg.NG.group -->
