<?xml version="1.0" encoding="UTF-8"?>
<!-- Generated by org.testng.reporters.JUnitReportReporter -->
<testsuite hostname="ASHWIN_RAMTEKE" failures="0" tests="3" name="TestNg.NG.Priort" time="0.003" errors="0" timestamp="2024-02-28T15:37:31 IST" skipped="0">
  <testcase classname="TestNg.NG.Priort" name="testcase1" time="0.001"/>
  <system-out/>
  <testcase classname="TestNg.NG.Priort" name="testcase3" time="0.001"/>
  <system-out/>
  <testcase classname="TestNg.NG.Priort" name="testcase2" time="0.001"/>
  <system-out/>
</testsuite> <!-- TestNg.NG.Priort -->
